{
  "stats": {
    "suites": 1,
    "tests": 1,
    "passes": 1,
    "pending": 0,
    "failures": 0,
    "start": "2022-07-08T14:51:35.149Z",
    "end": "2022-07-08T14:53:16.541Z",
    "duration": 101392,
    "testsRegistered": 1,
    "passPercent": 100,
    "pendingPercent": 0,
    "other": 0,
    "hasOther": false,
    "skipped": 0,
    "hasSkipped": false
  },
  "results": [
    {
      "uuid": "da6023a3-2877-4de6-b4dc-95b02167d062",
      "title": "",
      "fullFile": "cypress\\e2e\\test_amazon.cy.ts",
      "file": "cypress\\e2e\\test_amazon.cy.ts",
      "beforeHooks": [],
      "afterHooks": [],
      "tests": [],
      "suites": [
        {
          "uuid": "0490496f-080a-4d27-bdbb-1b91d065367b",
          "title": "Amazon",
          "fullFile": "",
          "file": "",
          "beforeHooks": [],
          "afterHooks": [],
          "tests": [
            {
              "title": "can find and add game console",
              "fullTitle": "Amazon can find and add game console",
              "timedOut": null,
              "duration": 98635,
              "state": "passed",
              "speed": "slow",
              "pass": true,
              "fail": false,
              "pending": false,
              "context": null,
              "code": "cy.getPage(\"/\");\ncy.setTextToElement(\".//input[@id='twotabsearchtextbox']\", \"Playstation Classic Console\");\ncy.clickOnElement(\".//input[@id='nav-search-submit-button']\");\ncy.clickOnElement(\"(.//img[contains(@alt,'Playstation')])[1]\");\ncy.clickOnElement(\".//a[@title='See All Buying Options']\");\ncy.clickOnElement(\".//input[@name='submit.addToCart']\");\ncy.checkVisibilityOfElement(\".//div[text()='Added']\");\ncy.clickOnElement(\".//i[@aria-label='aod-close']\");\ncy.clickOnElement(\".//a[@id='nav-cart']\");\ncy.checkContainsTextInElement(\".//span[@class='a-truncate-cut']\", \"Playstation Classic Console\");",
              "err": {},
              "uuid": "e3c0909e-9dd7-4518-8a1d-2d757e1f911d",
              "parentUUID": "0490496f-080a-4d27-bdbb-1b91d065367b",
              "isHook": false,
              "skipped": false
            }
          ],
          "suites": [],
          "passes": [
            "e3c0909e-9dd7-4518-8a1d-2d757e1f911d"
          ],
          "failures": [],
          "pending": [],
          "skipped": [],
          "duration": 98635,
          "root": false,
          "rootEmpty": false,
          "_timeout": 2000
        }
      ],
      "passes": [],
      "failures": [],
      "pending": [],
      "skipped": [],
      "duration": 0,
      "root": true,
      "rootEmpty": true,
      "_timeout": 2000
    }
  ],
  "meta": {
    "mocha": {
      "version": "7.0.1"
    },
    "mochawesome": {
      "options": {
        "quiet": false,
        "reportFilename": "mochawesome",
        "saveHtml": false,
        "saveJson": true,
        "consoleReporter": "spec",
        "useInlineDiffs": false,
        "code": true
      },
      "version": "7.1.3"
    },
    "marge": {
      "options": {
        "reportDir": "cypress/results",
        "overwrite": false,
        "html": false,
        "json": true
      },
      "version": "6.2.0"
    }
  }
}